This file contains any messages produced by compilers while
running configure, to aid debugging if configure makes a mistake.

It was created by DB-to-DHCP-server configure 0.1.a.10, which was
generated by GNU Autoconf 2.68.  Invocation command line was

  $ ./configure CC=/usr/bin/gcc CXX=/usr/bin/g++ CFLAGS=-g3 -gdwarf-2 CXXFLAGS=-g3 -gdwarf-2

## --------- ##
## Platform. ##
## --------- ##

hostname = zapadlo
uname -m = x86_64
uname -r = 4.2.0-27-generic
uname -s = Linux
uname -v = #32-Ubuntu SMP Fri Jan 22 04:49:08 UTC 2016

/usr/bin/uname -p = unknown
/bin/uname -X     = unknown

/bin/arch              = unknown
/usr/bin/arch -k       = unknown
/usr/convex/getsysinfo = unknown
/usr/bin/hostinfo      = unknown
/bin/machine           = unknown
/usr/bin/oslevel       = unknown
/bin/universe          = unknown

PATH: /usr/bin
PATH: /usr/local/sbin
PATH: /usr/local/bin
PATH: /usr/sbin
PATH: /usr/bin
PATH: /sbin
PATH: /bin
PATH: /usr/games
PATH: /usr/local/games


## ----------- ##
## Core tests. ##
## ----------- ##

configure:2335: checking build system type
configure:2349: result: x86_64-unknown-linux-gnu
configure:2369: checking host system type
configure:2382: result: x86_64-unknown-linux-gnu
configure:2402: checking target system type
configure:2415: result: x86_64-unknown-linux-gnu
configure:2462: checking for a BSD-compatible install
configure:2530: result: /usr/bin/install -c
configure:2541: checking whether build environment is sane
configure:2591: result: yes
configure:2732: checking for a thread-safe mkdir -p
configure:2771: result: /bin/mkdir -p
configure:2784: checking for gawk
configure:2814: result: no
configure:2784: checking for mawk
configure:2800: found /usr/bin/mawk
configure:2811: result: mawk
configure:2822: checking whether make sets $(MAKE)
configure:2844: result: yes
configure:2979: checking for gcc
configure:3006: result: /usr/bin/gcc
configure:3235: checking for C compiler version
configure:3244: /usr/bin/gcc --version >&5
gcc (Ubuntu 5.2.1-22ubuntu2) 5.2.1 20151010
Copyright (C) 2015 Free Software Foundation, Inc.
This is free software; see the source for copying conditions.  There is NO
warranty; not even for MERCHANTABILITY or FITNESS FOR A PARTICULAR PURPOSE.

configure:3255: $? = 0
configure:3244: /usr/bin/gcc -v >&5
Using built-in specs.
COLLECT_GCC=/usr/bin/gcc
COLLECT_LTO_WRAPPER=/usr/lib/gcc/x86_64-linux-gnu/5/lto-wrapper
Target: x86_64-linux-gnu
Configured with: ../src/configure -v --with-pkgversion='Ubuntu 5.2.1-22ubuntu2' --with-bugurl=file:///usr/share/doc/gcc-5/README.Bugs --enable-languages=c,ada,c++,java,go,d,fortran,objc,obj-c++ --prefix=/usr --program-suffix=-5 --enable-shared --enable-linker-build-id --libexecdir=/usr/lib --without-included-gettext --enable-threads=posix --libdir=/usr/lib --enable-nls --with-sysroot=/ --enable-clocale=gnu --enable-libstdcxx-debug --enable-libstdcxx-time=yes --with-default-libstdcxx-abi=new --enable-gnu-unique-object --disable-vtable-verify --enable-libmpx --enable-plugin --with-system-zlib --disable-browser-plugin --enable-java-awt=gtk --enable-gtk-cairo --with-java-home=/usr/lib/jvm/java-1.5.0-gcj-5-amd64/jre --enable-java-home --with-jvm-root-dir=/usr/lib/jvm/java-1.5.0-gcj-5-amd64 --with-jvm-jar-dir=/usr/lib/jvm-exports/java-1.5.0-gcj-5-amd64 --with-arch-directory=amd64 --with-ecj-jar=/usr/share/java/eclipse-ecj.jar --enable-objc-gc --enable-multiarch --disable-werror --with-arch-32=i686 --with-abi=m64 --with-multilib-list=m32,m64,mx32 --enable-multilib --with-tune=generic --enable-checking=release --build=x86_64-linux-gnu --host=x86_64-linux-gnu --target=x86_64-linux-gnu
Thread model: posix
gcc version 5.2.1 20151010 (Ubuntu 5.2.1-22ubuntu2) 
configure:3255: $? = 0
configure:3244: /usr/bin/gcc -V >&5
gcc: error: unrecognized command line option '-V'
gcc: fatal error: no input files
compilation terminated.
configure:3255: $? = 1
configure:3244: /usr/bin/gcc -qversion >&5
gcc: error: unrecognized command line option '-qversion'
gcc: fatal error: no input files
compilation terminated.
configure:3255: $? = 1
configure:3275: checking whether the C compiler works
configure:3297: /usr/bin/gcc -g3 -gdwarf-2   conftest.c  >&5
configure:3301: $? = 0
configure:3349: result: yes
configure:3352: checking for C compiler default output file name
configure:3354: result: a.out
configure:3360: checking for suffix of executables
configure:3367: /usr/bin/gcc -o conftest -g3 -gdwarf-2   conftest.c  >&5
configure:3371: $? = 0
configure:3393: result: 
configure:3415: checking whether we are cross compiling
configure:3423: /usr/bin/gcc -o conftest -g3 -gdwarf-2   conftest.c  >&5
configure:3427: $? = 0
configure:3434: ./conftest
configure:3438: $? = 0
configure:3453: result: no
configure:3458: checking for suffix of object files
configure:3480: /usr/bin/gcc -c -g3 -gdwarf-2  conftest.c >&5
configure:3484: $? = 0
configure:3505: result: o
configure:3509: checking whether we are using the GNU C compiler
configure:3528: /usr/bin/gcc -c -g3 -gdwarf-2  conftest.c >&5
configure:3528: $? = 0
configure:3537: result: yes
configure:3546: checking whether /usr/bin/gcc accepts -g
configure:3566: /usr/bin/gcc -c -g  conftest.c >&5
configure:3566: $? = 0
configure:3607: result: yes
configure:3624: checking for /usr/bin/gcc option to accept ISO C89
configure:3688: /usr/bin/gcc  -c -g3 -gdwarf-2  conftest.c >&5
configure:3688: $? = 0
configure:3701: result: none needed
configure:3732: checking for style of include used by make
configure:3760: result: GNU
configure:3785: checking dependency style of /usr/bin/gcc
configure:3895: result: gcc3
configure:3956: checking how to print strings
configure:3983: result: printf
configure:4004: checking for a sed that does not truncate output
configure:4068: result: /bin/sed
configure:4086: checking for grep that handles long lines and -e
configure:4144: result: /bin/grep
configure:4149: checking for egrep
configure:4211: result: /bin/grep -E
configure:4216: checking for fgrep
configure:4278: result: /bin/grep -F
configure:4313: checking for ld used by /usr/bin/gcc
configure:4380: result: /usr/bin/ld
configure:4387: checking if the linker (/usr/bin/ld) is GNU ld
configure:4402: result: yes
configure:4414: checking for BSD- or MS-compatible name lister (nm)
configure:4463: result: /usr/bin/nm -B
configure:4593: checking the name lister (/usr/bin/nm -B) interface
configure:4600: /usr/bin/gcc -c -g3 -gdwarf-2  conftest.c >&5
configure:4603: /usr/bin/nm -B "conftest.o"
configure:4606: output
0000000000000000 B some_variable
0000000000000000 n wm4.0.5ede570448940fc0e95636e1b0ab3df4
0000000000000000 n wm4.stdcpredef.h.19.22e8ded16952f5e606376dc7a0da8b23
configure:4613: result: BSD nm
configure:4616: checking whether ln -s works
configure:4620: result: yes
configure:4628: checking the maximum length of command line arguments
configure:4753: result: 1572864
configure:4770: checking whether the shell understands some XSI constructs
configure:4780: result: yes
configure:4784: checking whether the shell understands "+="
configure:4790: result: yes
configure:4825: checking how to convert x86_64-unknown-linux-gnu file names to x86_64-unknown-linux-gnu format
configure:4865: result: func_convert_file_noop
configure:4872: checking how to convert x86_64-unknown-linux-gnu file names to toolchain format
configure:4892: result: func_convert_file_noop
configure:4899: checking for /usr/bin/ld option to reload object files
configure:4906: result: -r
configure:4980: checking for objdump
configure:4996: found /usr/bin/objdump
configure:5007: result: objdump
configure:5039: checking how to recognize dependent libraries
configure:5241: result: pass_all
configure:5326: checking for dlltool
configure:5356: result: no
configure:5386: checking how to associate runtime and link libraries
configure:5413: result: printf %s\n
configure:5474: checking for ar
configure:5490: found /usr/bin/ar
configure:5501: result: ar
configure:5538: checking for archiver @FILE support
configure:5555: /usr/bin/gcc -c -g3 -gdwarf-2  conftest.c >&5
configure:5555: $? = 0
configure:5558: ar cru libconftest.a @conftest.lst >&5
ar: `u' modifier ignored since `D' is the default (see `U')
configure:5561: $? = 0
configure:5566: ar cru libconftest.a @conftest.lst >&5
ar: `u' modifier ignored since `D' is the default (see `U')
ar: conftest.o: No such file or directory
configure:5569: $? = 1
configure:5581: result: @
configure:5639: checking for strip
configure:5655: found /usr/bin/strip
configure:5666: result: strip
configure:5738: checking for ranlib
configure:5754: found /usr/bin/ranlib
configure:5765: result: ranlib
configure:5867: checking command to parse /usr/bin/nm -B output from /usr/bin/gcc object
configure:5986: /usr/bin/gcc -c -g3 -gdwarf-2  conftest.c >&5
configure:5989: $? = 0
configure:5993: /usr/bin/nm -B conftest.o \| sed -n -e 's/^.*[ ]\([ABCDGIRSTW][ABCDGIRSTW]*\)[ ][ ]*\([_A-Za-z][_A-Za-z0-9]*\)$/\1 \2 \2/p' | sed '/ __gnu_lto/d' \> conftest.nm
configure:5996: $? = 0
configure:6062: /usr/bin/gcc -o conftest -g3 -gdwarf-2   conftest.c conftstm.o >&5
configure:6065: $? = 0
configure:6103: result: ok
configure:6140: checking for sysroot
configure:6170: result: no
configure:6247: /usr/bin/gcc -c -g3 -gdwarf-2  conftest.c >&5
configure:6250: $? = 0
configure:6413: checking for mt
configure:6429: found /bin/mt
configure:6440: result: mt
configure:6463: checking if mt is a manifest tool
configure:6469: mt '-?'
configure:6477: result: no
configure:7109: checking how to run the C preprocessor
configure:7140: /usr/bin/gcc -E  conftest.c
configure:7140: $? = 0
configure:7154: /usr/bin/gcc -E  conftest.c
conftest.c:11:28: fatal error: ac_nonexistent.h: No such file or directory
compilation terminated.
configure:7154: $? = 1
configure: failed program was:
| /* confdefs.h */
| #define PACKAGE_NAME "DB-to-DHCP-server"
| #define PACKAGE_TARNAME "db-to-dhcp-server"
| #define PACKAGE_VERSION "0.1.a.10"
| #define PACKAGE_STRING "DB-to-DHCP-server 0.1.a.10"
| #define PACKAGE_BUGREPORT "roma@ultranet.ru"
| #define PACKAGE_URL ""
| #define PACKAGE "db2dhcp"
| #define VERSION "0.1.a.10"
| /* end confdefs.h.  */
| #include <ac_nonexistent.h>
configure:7179: result: /usr/bin/gcc -E
configure:7199: /usr/bin/gcc -E  conftest.c
configure:7199: $? = 0
configure:7213: /usr/bin/gcc -E  conftest.c
conftest.c:11:28: fatal error: ac_nonexistent.h: No such file or directory
compilation terminated.
configure:7213: $? = 1
configure: failed program was:
| /* confdefs.h */
| #define PACKAGE_NAME "DB-to-DHCP-server"
| #define PACKAGE_TARNAME "db-to-dhcp-server"
| #define PACKAGE_VERSION "0.1.a.10"
| #define PACKAGE_STRING "DB-to-DHCP-server 0.1.a.10"
| #define PACKAGE_BUGREPORT "roma@ultranet.ru"
| #define PACKAGE_URL ""
| #define PACKAGE "db2dhcp"
| #define VERSION "0.1.a.10"
| /* end confdefs.h.  */
| #include <ac_nonexistent.h>
configure:7242: checking for ANSI C header files
configure:7262: /usr/bin/gcc -c -g3 -gdwarf-2  conftest.c >&5
configure:7262: $? = 0
configure:7335: /usr/bin/gcc -o conftest -g3 -gdwarf-2   conftest.c  >&5
configure:7335: $? = 0
configure:7335: ./conftest
configure:7335: $? = 0
configure:7346: result: yes
configure:7359: checking for sys/types.h
configure:7359: /usr/bin/gcc -c -g3 -gdwarf-2  conftest.c >&5
configure:7359: $? = 0
configure:7359: result: yes
configure:7359: checking for sys/stat.h
configure:7359: /usr/bin/gcc -c -g3 -gdwarf-2  conftest.c >&5
configure:7359: $? = 0
configure:7359: result: yes
configure:7359: checking for stdlib.h
configure:7359: /usr/bin/gcc -c -g3 -gdwarf-2  conftest.c >&5
configure:7359: $? = 0
configure:7359: result: yes
configure:7359: checking for string.h
configure:7359: /usr/bin/gcc -c -g3 -gdwarf-2  conftest.c >&5
configure:7359: $? = 0
configure:7359: result: yes
configure:7359: checking for memory.h
configure:7359: /usr/bin/gcc -c -g3 -gdwarf-2  conftest.c >&5
configure:7359: $? = 0
configure:7359: result: yes
configure:7359: checking for strings.h
configure:7359: /usr/bin/gcc -c -g3 -gdwarf-2  conftest.c >&5
configure:7359: $? = 0
configure:7359: result: yes
configure:7359: checking for inttypes.h
configure:7359: /usr/bin/gcc -c -g3 -gdwarf-2  conftest.c >&5
configure:7359: $? = 0
configure:7359: result: yes
configure:7359: checking for stdint.h
configure:7359: /usr/bin/gcc -c -g3 -gdwarf-2  conftest.c >&5
configure:7359: $? = 0
configure:7359: result: yes
configure:7359: checking for unistd.h
configure:7359: /usr/bin/gcc -c -g3 -gdwarf-2  conftest.c >&5
configure:7359: $? = 0
configure:7359: result: yes
configure:7373: checking for dlfcn.h
configure:7373: /usr/bin/gcc -c -g3 -gdwarf-2  conftest.c >&5
configure:7373: $? = 0
configure:7373: result: yes
configure:7560: checking for objdir
configure:7575: result: .libs
configure:7842: checking if /usr/bin/gcc supports -fno-rtti -fno-exceptions
configure:7860: /usr/bin/gcc -c -g3 -gdwarf-2  -fno-rtti -fno-exceptions conftest.c >&5
cc1: warning: command line option '-fno-rtti' is valid for C++/ObjC++ but not for C
configure:7864: $? = 0
configure:7877: result: no
configure:8187: checking for /usr/bin/gcc option to produce PIC
configure:8194: result: -fPIC -DPIC
configure:8202: checking if /usr/bin/gcc PIC flag -fPIC -DPIC works
configure:8220: /usr/bin/gcc -c -g3 -gdwarf-2  -fPIC -DPIC -DPIC conftest.c >&5
configure:8224: $? = 0
configure:8237: result: yes
configure:8266: checking if /usr/bin/gcc static flag -static works
configure:8294: result: yes
configure:8309: checking if /usr/bin/gcc supports -c -o file.o
configure:8330: /usr/bin/gcc -c -g3 -gdwarf-2  -o out/conftest2.o conftest.c >&5
configure:8334: $? = 0
configure:8356: result: yes
configure:8364: checking if /usr/bin/gcc supports -c -o file.o
configure:8411: result: yes
configure:8444: checking whether the /usr/bin/gcc linker (/usr/bin/ld -m elf_x86_64) supports shared libraries
configure:9602: result: yes
configure:9639: checking whether -lc should be explicitly linked in
configure:9647: /usr/bin/gcc -c -g3 -gdwarf-2  conftest.c >&5
configure:9650: $? = 0
configure:9665: /usr/bin/gcc -shared  -fPIC -DPIC conftest.o  -v -Wl,-soname -Wl,conftest -o conftest 2\>\&1 \| /bin/grep  -lc  \>/dev/null 2\>\&1
configure:9668: $? = 0
configure:9682: result: no
configure:9847: checking dynamic linker characteristics
configure:10361: /usr/bin/gcc -o conftest -g3 -gdwarf-2   -Wl,-rpath -Wl,/foo conftest.c  >&5
configure:10361: $? = 0
configure:10583: result: GNU/Linux ld.so
configure:10690: checking how to hardcode library paths into programs
configure:10715: result: immediate
configure:11255: checking whether stripping libraries is possible
configure:11260: result: yes
configure:11295: checking if libtool supports shared libraries
configure:11297: result: yes
configure:11300: checking whether to build shared libraries
configure:11321: result: yes
configure:11324: checking whether to build static libraries
configure:11328: result: yes
configure:11364: checking whether /usr/bin/gcc and cc understand -c and -o together
configure:11395: /usr/bin/gcc -c conftest.c -o conftest2.o >&5
configure:11399: $? = 0
configure:11405: /usr/bin/gcc -c conftest.c -o conftest2.o >&5
configure:11409: $? = 0
configure:11420: cc -c conftest.c >&5
configure:11424: $? = 0
configure:11432: cc -c conftest.c -o conftest2.o >&5
configure:11436: $? = 0
configure:11442: cc -c conftest.c -o conftest2.o >&5
configure:11446: $? = 0
configure:11464: result: yes
configure:11491: checking for main in -lpcap
configure:11510: /usr/bin/gcc -o conftest -g3 -gdwarf-2   conftest.c -lpcap   >&5
configure:11510: $? = 0
configure:11519: result: yes
configure:11532: checking for ANSI C header files
configure:11636: result: yes
configure:11644: checking for sys/wait.h that is POSIX.1 compatible
configure:11670: /usr/bin/gcc -c -g3 -gdwarf-2  conftest.c >&5
configure:11670: $? = 0
configure:11677: result: yes
configure:11689: checking for stdint.h
configure:11689: result: yes
configure:11689: checking stdio.h usability
configure:11689: /usr/bin/gcc -c -g3 -gdwarf-2  conftest.c >&5
configure:11689: $? = 0
configure:11689: result: yes
configure:11689: checking stdio.h presence
configure:11689: /usr/bin/gcc -E  conftest.c
configure:11689: $? = 0
configure:11689: result: yes
configure:11689: checking for stdio.h
configure:11689: result: yes
configure:11689: checking for stdlib.h
configure:11689: result: yes
configure:11689: checking for unistd.h
configure:11689: result: yes
configure:11689: checking errno.h usability
configure:11689: /usr/bin/gcc -c -g3 -gdwarf-2  conftest.c >&5
configure:11689: $? = 0
configure:11689: result: yes
configure:11689: checking errno.h presence
configure:11689: /usr/bin/gcc -E  conftest.c
configure:11689: $? = 0
configure:11689: result: yes
configure:11689: checking for errno.h
configure:11689: result: yes
configure:11689: checking for string.h
configure:11689: result: yes
configure:11689: checking signal.h usability
configure:11689: /usr/bin/gcc -c -g3 -gdwarf-2  conftest.c >&5
configure:11689: $? = 0
configure:11689: result: yes
configure:11689: checking signal.h presence
configure:11689: /usr/bin/gcc -E  conftest.c
configure:11689: $? = 0
configure:11689: result: yes
configure:11689: checking for signal.h
configure:11689: result: yes
configure:11689: checking time.h usability
configure:11689: /usr/bin/gcc -c -g3 -gdwarf-2  conftest.c >&5
configure:11689: $? = 0
configure:11689: result: yes
configure:11689: checking time.h presence
configure:11689: /usr/bin/gcc -E  conftest.c
configure:11689: $? = 0
configure:11689: result: yes
configure:11689: checking for time.h
configure:11689: result: yes
configure:11689: checking arpa/inet.h usability
configure:11689: /usr/bin/gcc -c -g3 -gdwarf-2  conftest.c >&5
configure:11689: $? = 0
configure:11689: result: yes
configure:11689: checking arpa/inet.h presence
configure:11689: /usr/bin/gcc -E  conftest.c
configure:11689: $? = 0
configure:11689: result: yes
configure:11689: checking for arpa/inet.h
configure:11689: result: yes
configure:11689: checking for sys/wait.h
configure:11689: result: yes
configure:11689: checking sys/socket.h usability
configure:11689: /usr/bin/gcc -c -g3 -gdwarf-2  conftest.c >&5
configure:11689: $? = 0
configure:11689: result: yes
configure:11689: checking sys/socket.h presence
configure:11689: /usr/bin/gcc -E  conftest.c
configure:11689: $? = 0
configure:11689: result: yes
configure:11689: checking for sys/socket.h
configure:11689: result: yes
configure:11689: checking netinet/in.h usability
configure:11689: /usr/bin/gcc -c -g3 -gdwarf-2  conftest.c >&5
configure:11689: $? = 0
configure:11689: result: yes
configure:11689: checking netinet/in.h presence
configure:11689: /usr/bin/gcc -E  conftest.c
configure:11689: $? = 0
configure:11689: result: yes
configure:11689: checking for netinet/in.h
configure:11689: result: yes
configure:11703: checking pcap.h usability
configure:11703: /usr/bin/gcc -c -g3 -gdwarf-2  conftest.c >&5
configure:11703: $? = 0
configure:11703: result: yes
configure:11703: checking pcap.h presence
configure:11703: /usr/bin/gcc -E  conftest.c
configure:11703: $? = 0
configure:11703: result: yes
configure:11703: checking for pcap.h
configure:11703: result: yes
configure:11717: checking for an ANSI C-conforming const
configure:11782: /usr/bin/gcc -c -g3 -gdwarf-2  conftest.c >&5
configure:11782: $? = 0
configure:11789: result: yes
configure:11797: checking for inline
configure:11813: /usr/bin/gcc -c -g3 -gdwarf-2  conftest.c >&5
configure:11813: $? = 0
configure:11821: result: inline
configure:11839: checking for uint16_t
configure:11839: /usr/bin/gcc -c -g3 -gdwarf-2  conftest.c >&5
configure:11839: $? = 0
configure:11839: result: yes
configure:11851: checking for uint32_t
configure:11851: /usr/bin/gcc -c -g3 -gdwarf-2  conftest.c >&5
configure:11851: $? = 0
configure:11851: result: yes
configure:11865: checking for uint8_t
configure:11865: /usr/bin/gcc -c -g3 -gdwarf-2  conftest.c >&5
configure:11865: $? = 0
configure:11865: result: yes
configure:11881: checking for pid_t
configure:11881: /usr/bin/gcc -c -g3 -gdwarf-2  conftest.c >&5
configure:11881: $? = 0
configure:11881: /usr/bin/gcc -c -g3 -gdwarf-2  conftest.c >&5
conftest.c: In function 'main':
conftest.c:75:20: error: expected expression before ')' token
 if (sizeof ((pid_t)))
                    ^
configure:11881: $? = 1
configure: failed program was:
| /* confdefs.h */
| #define PACKAGE_NAME "DB-to-DHCP-server"
| #define PACKAGE_TARNAME "db-to-dhcp-server"
| #define PACKAGE_VERSION "0.1.a.10"
| #define PACKAGE_STRING "DB-to-DHCP-server 0.1.a.10"
| #define PACKAGE_BUGREPORT "roma@ultranet.ru"
| #define PACKAGE_URL ""
| #define PACKAGE "db2dhcp"
| #define VERSION "0.1.a.10"
| #define STDC_HEADERS 1
| #define HAVE_SYS_TYPES_H 1
| #define HAVE_SYS_STAT_H 1
| #define HAVE_STDLIB_H 1
| #define HAVE_STRING_H 1
| #define HAVE_MEMORY_H 1
| #define HAVE_STRINGS_H 1
| #define HAVE_INTTYPES_H 1
| #define HAVE_STDINT_H 1
| #define HAVE_UNISTD_H 1
| #define HAVE_DLFCN_H 1
| #define LT_OBJDIR ".libs/"
| #define HAVE_LIBPCAP 1
| #define STDC_HEADERS 1
| #define HAVE_SYS_WAIT_H 1
| #define HAVE_STDINT_H 1
| #define HAVE_STDIO_H 1
| #define HAVE_STDLIB_H 1
| #define HAVE_UNISTD_H 1
| #define HAVE_ERRNO_H 1
| #define HAVE_STRING_H 1
| #define HAVE_SIGNAL_H 1
| #define HAVE_TIME_H 1
| #define HAVE_ARPA_INET_H 1
| #define HAVE_SYS_WAIT_H 1
| #define HAVE_SYS_SOCKET_H 1
| #define HAVE_NETINET_IN_H 1
| #define HAVE_PCAP_H 1
| /* end confdefs.h.  */
| #include <stdio.h>
| #ifdef HAVE_SYS_TYPES_H
| # include <sys/types.h>
| #endif
| #ifdef HAVE_SYS_STAT_H
| # include <sys/stat.h>
| #endif
| #ifdef STDC_HEADERS
| # include <stdlib.h>
| # include <stddef.h>
| #else
| # ifdef HAVE_STDLIB_H
| #  include <stdlib.h>
| # endif
| #endif
| #ifdef HAVE_STRING_H
| # if !defined STDC_HEADERS && defined HAVE_MEMORY_H
| #  include <memory.h>
| # endif
| # include <string.h>
| #endif
| #ifdef HAVE_STRINGS_H
| # include <strings.h>
| #endif
| #ifdef HAVE_INTTYPES_H
| # include <inttypes.h>
| #endif
| #ifdef HAVE_STDINT_H
| # include <stdint.h>
| #endif
| #ifdef HAVE_UNISTD_H
| # include <unistd.h>
| #endif
| int
| main ()
| {
| if (sizeof ((pid_t)))
| 	    return 0;
|   ;
|   return 0;
| }
configure:11881: result: yes
configure:11894: checking vfork.h usability
configure:11894: /usr/bin/gcc -c -g3 -gdwarf-2  conftest.c >&5
conftest.c:72:19: fatal error: vfork.h: No such file or directory
compilation terminated.
configure:11894: $? = 1
configure: failed program was:
| /* confdefs.h */
| #define PACKAGE_NAME "DB-to-DHCP-server"
| #define PACKAGE_TARNAME "db-to-dhcp-server"
| #define PACKAGE_VERSION "0.1.a.10"
| #define PACKAGE_STRING "DB-to-DHCP-server 0.1.a.10"
| #define PACKAGE_BUGREPORT "roma@ultranet.ru"
| #define PACKAGE_URL ""
| #define PACKAGE "db2dhcp"
| #define VERSION "0.1.a.10"
| #define STDC_HEADERS 1
| #define HAVE_SYS_TYPES_H 1
| #define HAVE_SYS_STAT_H 1
| #define HAVE_STDLIB_H 1
| #define HAVE_STRING_H 1
| #define HAVE_MEMORY_H 1
| #define HAVE_STRINGS_H 1
| #define HAVE_INTTYPES_H 1
| #define HAVE_STDINT_H 1
| #define HAVE_UNISTD_H 1
| #define HAVE_DLFCN_H 1
| #define LT_OBJDIR ".libs/"
| #define HAVE_LIBPCAP 1
| #define STDC_HEADERS 1
| #define HAVE_SYS_WAIT_H 1
| #define HAVE_STDINT_H 1
| #define HAVE_STDIO_H 1
| #define HAVE_STDLIB_H 1
| #define HAVE_UNISTD_H 1
| #define HAVE_ERRNO_H 1
| #define HAVE_STRING_H 1
| #define HAVE_SIGNAL_H 1
| #define HAVE_TIME_H 1
| #define HAVE_ARPA_INET_H 1
| #define HAVE_SYS_WAIT_H 1
| #define HAVE_SYS_SOCKET_H 1
| #define HAVE_NETINET_IN_H 1
| #define HAVE_PCAP_H 1
| /* end confdefs.h.  */
| #include <stdio.h>
| #ifdef HAVE_SYS_TYPES_H
| # include <sys/types.h>
| #endif
| #ifdef HAVE_SYS_STAT_H
| # include <sys/stat.h>
| #endif
| #ifdef STDC_HEADERS
| # include <stdlib.h>
| # include <stddef.h>
| #else
| # ifdef HAVE_STDLIB_H
| #  include <stdlib.h>
| # endif
| #endif
| #ifdef HAVE_STRING_H
| # if !defined STDC_HEADERS && defined HAVE_MEMORY_H
| #  include <memory.h>
| # endif
| # include <string.h>
| #endif
| #ifdef HAVE_STRINGS_H
| # include <strings.h>
| #endif
| #ifdef HAVE_INTTYPES_H
| # include <inttypes.h>
| #endif
| #ifdef HAVE_STDINT_H
| # include <stdint.h>
| #endif
| #ifdef HAVE_UNISTD_H
| # include <unistd.h>
| #endif
| #include <vfork.h>
configure:11894: result: no
configure:11894: checking vfork.h presence
configure:11894: /usr/bin/gcc -E  conftest.c
conftest.c:39:19: fatal error: vfork.h: No such file or directory
compilation terminated.
configure:11894: $? = 1
configure: failed program was:
| /* confdefs.h */
| #define PACKAGE_NAME "DB-to-DHCP-server"
| #define PACKAGE_TARNAME "db-to-dhcp-server"
| #define PACKAGE_VERSION "0.1.a.10"
| #define PACKAGE_STRING "DB-to-DHCP-server 0.1.a.10"
| #define PACKAGE_BUGREPORT "roma@ultranet.ru"
| #define PACKAGE_URL ""
| #define PACKAGE "db2dhcp"
| #define VERSION "0.1.a.10"
| #define STDC_HEADERS 1
| #define HAVE_SYS_TYPES_H 1
| #define HAVE_SYS_STAT_H 1
| #define HAVE_STDLIB_H 1
| #define HAVE_STRING_H 1
| #define HAVE_MEMORY_H 1
| #define HAVE_STRINGS_H 1
| #define HAVE_INTTYPES_H 1
| #define HAVE_STDINT_H 1
| #define HAVE_UNISTD_H 1
| #define HAVE_DLFCN_H 1
| #define LT_OBJDIR ".libs/"
| #define HAVE_LIBPCAP 1
| #define STDC_HEADERS 1
| #define HAVE_SYS_WAIT_H 1
| #define HAVE_STDINT_H 1
| #define HAVE_STDIO_H 1
| #define HAVE_STDLIB_H 1
| #define HAVE_UNISTD_H 1
| #define HAVE_ERRNO_H 1
| #define HAVE_STRING_H 1
| #define HAVE_SIGNAL_H 1
| #define HAVE_TIME_H 1
| #define HAVE_ARPA_INET_H 1
| #define HAVE_SYS_WAIT_H 1
| #define HAVE_SYS_SOCKET_H 1
| #define HAVE_NETINET_IN_H 1
| #define HAVE_PCAP_H 1
| /* end confdefs.h.  */
| #include <vfork.h>
configure:11894: result: no
configure:11894: checking for vfork.h
configure:11894: result: no
configure:11907: checking for fork
configure:11907: /usr/bin/gcc -o conftest -g3 -gdwarf-2   conftest.c -lpcap  >&5
conftest.c:62:6: warning: conflicting types for built-in function 'fork'
 char fork ();
      ^
configure:11907: $? = 0
configure:11907: result: yes
configure:11907: checking for vfork
configure:11907: /usr/bin/gcc -o conftest -g3 -gdwarf-2   conftest.c -lpcap  >&5
configure:11907: $? = 0
configure:11907: result: yes
configure:11917: checking for working fork
configure:11939: /usr/bin/gcc -o conftest -g3 -gdwarf-2   conftest.c -lpcap  >&5
configure:11939: $? = 0
configure:11939: ./conftest
configure:11939: $? = 0
configure:11949: result: yes
configure:11970: checking for working vfork
configure:12080: result: yes
configure:12107: checking for stdlib.h
configure:12107: result: yes
configure:12117: checking for GNU libc compatible malloc
configure:12141: /usr/bin/gcc -o conftest -g3 -gdwarf-2   conftest.c -lpcap  >&5
configure:12141: $? = 0
configure:12141: ./conftest
configure:12141: $? = 0
configure:12151: result: yes
configure:12172: checking for working memcmp
configure:12215: /usr/bin/gcc -o conftest -g3 -gdwarf-2   conftest.c -lpcap  >&5
configure:12215: $? = 0
configure:12215: ./conftest
configure:12215: $? = 0
configure:12225: result: yes
configure:12234: checking return type of signal handlers
configure:12252: /usr/bin/gcc -c -g3 -gdwarf-2  conftest.c >&5
conftest.c: In function 'main':
conftest.c:51:9: error: void value not ignored as it ought to be
 return *(signal (0, 0)) (0) == 1;
         ^
configure:12252: $? = 1
configure: failed program was:
| /* confdefs.h */
| #define PACKAGE_NAME "DB-to-DHCP-server"
| #define PACKAGE_TARNAME "db-to-dhcp-server"
| #define PACKAGE_VERSION "0.1.a.10"
| #define PACKAGE_STRING "DB-to-DHCP-server 0.1.a.10"
| #define PACKAGE_BUGREPORT "roma@ultranet.ru"
| #define PACKAGE_URL ""
| #define PACKAGE "db2dhcp"
| #define VERSION "0.1.a.10"
| #define STDC_HEADERS 1
| #define HAVE_SYS_TYPES_H 1
| #define HAVE_SYS_STAT_H 1
| #define HAVE_STDLIB_H 1
| #define HAVE_STRING_H 1
| #define HAVE_MEMORY_H 1
| #define HAVE_STRINGS_H 1
| #define HAVE_INTTYPES_H 1
| #define HAVE_STDINT_H 1
| #define HAVE_UNISTD_H 1
| #define HAVE_DLFCN_H 1
| #define LT_OBJDIR ".libs/"
| #define HAVE_LIBPCAP 1
| #define STDC_HEADERS 1
| #define HAVE_SYS_WAIT_H 1
| #define HAVE_STDINT_H 1
| #define HAVE_STDIO_H 1
| #define HAVE_STDLIB_H 1
| #define HAVE_UNISTD_H 1
| #define HAVE_ERRNO_H 1
| #define HAVE_STRING_H 1
| #define HAVE_SIGNAL_H 1
| #define HAVE_TIME_H 1
| #define HAVE_ARPA_INET_H 1
| #define HAVE_SYS_WAIT_H 1
| #define HAVE_SYS_SOCKET_H 1
| #define HAVE_NETINET_IN_H 1
| #define HAVE_PCAP_H 1
| #define HAVE_FORK 1
| #define HAVE_VFORK 1
| #define HAVE_WORKING_VFORK 1
| #define HAVE_WORKING_FORK 1
| #define HAVE_STDLIB_H 1
| #define HAVE_MALLOC 1
| /* end confdefs.h.  */
| #include <sys/types.h>
| #include <signal.h>
| 
| int
| main ()
| {
| return *(signal (0, 0)) (0) == 1;
|   ;
|   return 0;
| }
configure:12259: result: void
configure:12272: checking for bzero
configure:12272: /usr/bin/gcc -o conftest -g3 -gdwarf-2   conftest.c -lpcap  >&5
conftest.c:69:6: warning: conflicting types for built-in function 'bzero'
 char bzero ();
      ^
configure:12272: $? = 0
configure:12272: result: yes
configure:12272: checking for inet_ntoa
configure:12272: /usr/bin/gcc -o conftest -g3 -gdwarf-2   conftest.c -lpcap  >&5
configure:12272: $? = 0
configure:12272: result: yes
configure:12272: checking for memset
configure:12272: /usr/bin/gcc -o conftest -g3 -gdwarf-2   conftest.c -lpcap  >&5
conftest.c:71:6: warning: conflicting types for built-in function 'memset'
 char memset ();
      ^
configure:12272: $? = 0
configure:12272: result: yes
configure:12272: checking for pcap_open_live
configure:12272: /usr/bin/gcc -o conftest -g3 -gdwarf-2   conftest.c -lpcap  >&5
configure:12272: $? = 0
configure:12272: result: yes
configure:12272: checking for pcap_inject
configure:12272: /usr/bin/gcc -o conftest -g3 -gdwarf-2   conftest.c -lpcap  >&5
configure:12272: $? = 0
configure:12272: result: yes
configure:12272: checking for pcap_datalink
configure:12272: /usr/bin/gcc -o conftest -g3 -gdwarf-2   conftest.c -lpcap  >&5
configure:12272: $? = 0
configure:12272: result: yes
configure:12272: checking for pcap_setnonblock
configure:12272: /usr/bin/gcc -o conftest -g3 -gdwarf-2   conftest.c -lpcap  >&5
configure:12272: $? = 0
configure:12272: result: yes
configure:12272: checking for pcap_close
configure:12272: /usr/bin/gcc -o conftest -g3 -gdwarf-2   conftest.c -lpcap  >&5
configure:12272: $? = 0
configure:12272: result: yes
configure:12272: checking for pcap_compile
configure:12272: /usr/bin/gcc -o conftest -g3 -gdwarf-2   conftest.c -lpcap  >&5
configure:12272: $? = 0
configure:12272: result: yes
configure:12272: checking for pcap_setfilter
configure:12272: /usr/bin/gcc -o conftest -g3 -gdwarf-2   conftest.c -lpcap  >&5
configure:12272: $? = 0
configure:12272: result: yes
configure:12272: checking for pcap_freecode
configure:12272: /usr/bin/gcc -o conftest -g3 -gdwarf-2   conftest.c -lpcap  >&5
configure:12272: $? = 0
configure:12272: result: yes
configure:12272: checking for pcap_findalldevs
configure:12272: /usr/bin/gcc -o conftest -g3 -gdwarf-2   conftest.c -lpcap  >&5
configure:12272: $? = 0
configure:12272: result: yes
configure:12272: checking for pcap_freealldevs
configure:12272: /usr/bin/gcc -o conftest -g3 -gdwarf-2   conftest.c -lpcap  >&5
configure:12272: $? = 0
configure:12272: result: yes
configure:12272: checking for pcap_perror
configure:12272: /usr/bin/gcc -o conftest -g3 -gdwarf-2   conftest.c -lpcap  >&5
configure:12272: $? = 0
configure:12272: result: yes
configure:12272: checking for pcap_dispatch
configure:12272: /usr/bin/gcc -o conftest -g3 -gdwarf-2   conftest.c -lpcap  >&5
configure:12272: $? = 0
configure:12272: result: yes
configure:12287: checking whether to build Postgresql support
configure:12344: result: no
configure:12348: checking whether to build MySQL support
configure:12403: result: no
configure:12407: checking whether to build FireBird support
configure:12447: result: no
configure:12618: creating ./config.status

## ---------------------- ##
## Running config.status. ##
## ---------------------- ##

This file was extended by DB-to-DHCP-server config.status 0.1.a.10, which was
generated by GNU Autoconf 2.68.  Invocation command line was

  CONFIG_FILES    = 
  CONFIG_HEADERS  = 
  CONFIG_LINKS    = 
  CONFIG_COMMANDS = 
  $ ./config.status 

on zapadlo

config.status:1136: creating Makefile
config.status:1136: creating src/Makefile
config.status:1136: creating config.h
config.status:1365: executing depfiles commands
config.status:1365: executing libtool commands

## ---------------- ##
## Cache variables. ##
## ---------------- ##

ac_cv_build=x86_64-unknown-linux-gnu
ac_cv_c_compiler_gnu=yes
ac_cv_c_const=yes
ac_cv_c_inline=inline
ac_cv_c_uint16_t=yes
ac_cv_c_uint32_t=yes
ac_cv_c_uint8_t=yes
ac_cv_env_CC_set=set
ac_cv_env_CC_value=/usr/bin/gcc
ac_cv_env_CFLAGS_set=set
ac_cv_env_CFLAGS_value='-g3 -gdwarf-2'
ac_cv_env_CPPFLAGS_set=
ac_cv_env_CPPFLAGS_value=
ac_cv_env_CPP_set=
ac_cv_env_CPP_value=
ac_cv_env_LDFLAGS_set=
ac_cv_env_LDFLAGS_value=
ac_cv_env_LIBS_set=
ac_cv_env_LIBS_value=
ac_cv_env_build_alias_set=
ac_cv_env_build_alias_value=
ac_cv_env_host_alias_set=
ac_cv_env_host_alias_value=
ac_cv_env_target_alias_set=
ac_cv_env_target_alias_value=
ac_cv_func_bzero=yes
ac_cv_func_fork=yes
ac_cv_func_fork_works=yes
ac_cv_func_inet_ntoa=yes
ac_cv_func_malloc_0_nonnull=yes
ac_cv_func_memcmp_working=yes
ac_cv_func_memset=yes
ac_cv_func_pcap_close=yes
ac_cv_func_pcap_compile=yes
ac_cv_func_pcap_datalink=yes
ac_cv_func_pcap_dispatch=yes
ac_cv_func_pcap_findalldevs=yes
ac_cv_func_pcap_freealldevs=yes
ac_cv_func_pcap_freecode=yes
ac_cv_func_pcap_inject=yes
ac_cv_func_pcap_open_live=yes
ac_cv_func_pcap_perror=yes
ac_cv_func_pcap_setfilter=yes
ac_cv_func_pcap_setnonblock=yes
ac_cv_func_vfork=yes
ac_cv_func_vfork_works=yes
ac_cv_header_arpa_inet_h=yes
ac_cv_header_dlfcn_h=yes
ac_cv_header_errno_h=yes
ac_cv_header_inttypes_h=yes
ac_cv_header_memory_h=yes
ac_cv_header_netinet_in_h=yes
ac_cv_header_pcap_h=yes
ac_cv_header_signal_h=yes
ac_cv_header_stdc=yes
ac_cv_header_stdint_h=yes
ac_cv_header_stdio_h=yes
ac_cv_header_stdlib_h=yes
ac_cv_header_string_h=yes
ac_cv_header_strings_h=yes
ac_cv_header_sys_socket_h=yes
ac_cv_header_sys_stat_h=yes
ac_cv_header_sys_types_h=yes
ac_cv_header_sys_wait_h=yes
ac_cv_header_time_h=yes
ac_cv_header_unistd_h=yes
ac_cv_header_vfork_h=no
ac_cv_host=x86_64-unknown-linux-gnu
ac_cv_lib_pcap_main=yes
ac_cv_objext=o
ac_cv_path_EGREP='/bin/grep -E'
ac_cv_path_FGREP='/bin/grep -F'
ac_cv_path_GREP=/bin/grep
ac_cv_path_SED=/bin/sed
ac_cv_path_install='/usr/bin/install -c'
ac_cv_path_mkdir=/bin/mkdir
ac_cv_prog_AWK=mawk
ac_cv_prog_CPP='/usr/bin/gcc -E'
ac_cv_prog_ac_ct_AR=ar
ac_cv_prog_ac_ct_CC=/usr/bin/gcc
ac_cv_prog_ac_ct_MANIFEST_TOOL=mt
ac_cv_prog_ac_ct_OBJDUMP=objdump
ac_cv_prog_ac_ct_RANLIB=ranlib
ac_cv_prog_ac_ct_STRIP=strip
ac_cv_prog_cc__usr_bin_gcc_c_o=yes
ac_cv_prog_cc_c89=
ac_cv_prog_cc_g=yes
ac_cv_prog_make_make_set=yes
ac_cv_target=x86_64-unknown-linux-gnu
ac_cv_type_pid_t=yes
ac_cv_type_signal=void
am_cv_CC_dependencies_compiler_type=gcc3
lt_cv_ar_at_file=@
lt_cv_archive_cmds_need_lc=no
lt_cv_deplibs_check_method=pass_all
lt_cv_file_magic_cmd='$MAGIC_CMD'
lt_cv_file_magic_test_file=
lt_cv_ld_reload_flag=-r
lt_cv_nm_interface='BSD nm'
lt_cv_objdir=.libs
lt_cv_path_LD=/usr/bin/ld
lt_cv_path_NM='/usr/bin/nm -B'
lt_cv_path_mainfest_tool=no
lt_cv_prog_compiler_c_o=yes
lt_cv_prog_compiler_pic='-fPIC -DPIC'
lt_cv_prog_compiler_pic_works=yes
lt_cv_prog_compiler_rtti_exceptions=no
lt_cv_prog_compiler_static_works=yes
lt_cv_prog_gnu_ld=yes
lt_cv_sharedlib_from_linklib_cmd='printf %s\n'
lt_cv_shlibpath_overrides_runpath=no
lt_cv_sys_global_symbol_pipe='sed -n -e '\''s/^.*[	 ]\([ABCDGIRSTW][ABCDGIRSTW]*\)[	 ][	 ]*\([_A-Za-z][_A-Za-z0-9]*\)$/\1 \2 \2/p'\'' | sed '\''/ __gnu_lto/d'\'''
lt_cv_sys_global_symbol_to_c_name_address='sed -n -e '\''s/^: \([^ ]*\)[ ]*$/  {\"\1\", (void *) 0},/p'\'' -e '\''s/^[ABCDGIRSTW]* \([^ ]*\) \([^ ]*\)$/  {"\2", (void *) \&\2},/p'\'''
lt_cv_sys_global_symbol_to_c_name_address_lib_prefix='sed -n -e '\''s/^: \([^ ]*\)[ ]*$/  {\"\1\", (void *) 0},/p'\'' -e '\''s/^[ABCDGIRSTW]* \([^ ]*\) \(lib[^ ]*\)$/  {"\2", (void *) \&\2},/p'\'' -e '\''s/^[ABCDGIRSTW]* \([^ ]*\) \([^ ]*\)$/  {"lib\2", (void *) \&\2},/p'\'''
lt_cv_sys_global_symbol_to_cdecl='sed -n -e '\''s/^T .* \(.*\)$/extern int \1();/p'\'' -e '\''s/^[ABCDGIRSTW]* .* \(.*\)$/extern char \1;/p'\'''
lt_cv_sys_max_cmd_len=1572864
lt_cv_to_host_file_cmd=func_convert_file_noop
lt_cv_to_tool_file_cmd=func_convert_file_noop

## ----------------- ##
## Output variables. ##
## ----------------- ##

ACLOCAL='${SHELL} /home/pavel/reserved/common_code/db2dhcp-0.1.a.10/missing --run aclocal-1.11'
AMDEPBACKSLASH='\'
AMDEP_FALSE='#'
AMDEP_TRUE=''
AMTAR='${SHELL} /home/pavel/reserved/common_code/db2dhcp-0.1.a.10/missing --run tar'
AR='ar'
AUTOCONF='${SHELL} /home/pavel/reserved/common_code/db2dhcp-0.1.a.10/missing --run autoconf'
AUTOHEADER='${SHELL} /home/pavel/reserved/common_code/db2dhcp-0.1.a.10/missing --run autoheader'
AUTOMAKE='${SHELL} /home/pavel/reserved/common_code/db2dhcp-0.1.a.10/missing --run automake-1.11'
AWK='mawk'
CC='/usr/bin/gcc'
CCDEPMODE='depmode=gcc3'
CFLAGS='-g3 -gdwarf-2'
CPP='/usr/bin/gcc -E'
CPPFLAGS=''
CYGPATH_W='echo'
DEFS='-DHAVE_CONFIG_H'
DEPDIR='.deps'
DLLTOOL='false'
DSYMUTIL=''
DUMPBIN=''
ECHO_C=''
ECHO_N='-n'
ECHO_T=''
EGREP='/bin/grep -E'
EXEEXT=''
FGREP='/bin/grep -F'
FIREBIRD_FALSE=''
FIREBIRD_TRUE='#'
GREP='/bin/grep'
INSTALL_DATA='${INSTALL} -m 644'
INSTALL_PROGRAM='${INSTALL}'
INSTALL_SCRIPT='${INSTALL}'
INSTALL_STRIP_PROGRAM='$(install_sh) -c -s'
LD='/usr/bin/ld -m elf_x86_64'
LDFLAGS=''
LIBOBJS=''
LIBS='-lpcap '
LIBTOOL='$(SHELL) $(top_builddir)/libtool'
LIPO=''
LN_S='ln -s'
LTLIBOBJS=''
MAKEINFO='${SHELL} /home/pavel/reserved/common_code/db2dhcp-0.1.a.10/missing --run makeinfo'
MANIFEST_TOOL=':'
MKDIR_P='/bin/mkdir -p'
MYSQL_FALSE=''
MYSQL_TRUE='#'
NM='/usr/bin/nm -B'
NMEDIT=''
OBJDUMP='objdump'
OBJEXT='o'
OTOOL64=''
OTOOL=''
PACKAGE='db2dhcp'
PACKAGE_BUGREPORT='roma@ultranet.ru'
PACKAGE_NAME='DB-to-DHCP-server'
PACKAGE_STRING='DB-to-DHCP-server 0.1.a.10'
PACKAGE_TARNAME='db-to-dhcp-server'
PACKAGE_URL=''
PACKAGE_VERSION='0.1.a.10'
PATH_SEPARATOR=':'
POSTGRESQL_FALSE=''
POSTGRESQL_TRUE='#'
RANLIB='ranlib'
SED='/bin/sed'
SET_MAKE=''
SHELL='/bin/bash'
STRIP='strip'
VERSION='0.1.a.10'
ac_ct_AR='ar'
ac_ct_CC='/usr/bin/gcc'
ac_ct_DUMPBIN=''
am__EXEEXT_FALSE=''
am__EXEEXT_TRUE='#'
am__fastdepCC_FALSE='#'
am__fastdepCC_TRUE=''
am__include='include'
am__isrc=''
am__leading_dot='.'
am__quote=''
am__tar='${AMTAR} chof - "$$tardir"'
am__untar='${AMTAR} xf -'
bindir='${exec_prefix}/bin'
build='x86_64-unknown-linux-gnu'
build_alias=''
build_cpu='x86_64'
build_os='linux-gnu'
build_vendor='unknown'
datadir='${datarootdir}'
datarootdir='${prefix}/share'
docdir='${datarootdir}/doc/${PACKAGE_TARNAME}'
dvidir='${docdir}'
exec_prefix='${prefix}'
host='x86_64-unknown-linux-gnu'
host_alias=''
host_cpu='x86_64'
host_os='linux-gnu'
host_vendor='unknown'
htmldir='${docdir}'
includedir='${prefix}/include'
infodir='${datarootdir}/info'
install_sh='${SHELL} /home/pavel/reserved/common_code/db2dhcp-0.1.a.10/install-sh'
libdir='${exec_prefix}/lib'
libexecdir='${exec_prefix}/libexec'
localedir='${datarootdir}/locale'
localstatedir='${prefix}/var'
mandir='${datarootdir}/man'
mkdir_p='/bin/mkdir -p'
oldincludedir='/usr/include'
pdfdir='${docdir}'
prefix='/usr/local'
program_transform_name='s,x,x,'
psdir='${docdir}'
sbindir='${exec_prefix}/sbin'
sharedstatedir='${prefix}/com'
sysconfdir='${prefix}/etc'
target='x86_64-unknown-linux-gnu'
target_alias=''
target_cpu='x86_64'
target_os='linux-gnu'
target_vendor='unknown'

## ----------- ##
## confdefs.h. ##
## ----------- ##

/* confdefs.h */
#define PACKAGE_NAME "DB-to-DHCP-server"
#define PACKAGE_TARNAME "db-to-dhcp-server"
#define PACKAGE_VERSION "0.1.a.10"
#define PACKAGE_STRING "DB-to-DHCP-server 0.1.a.10"
#define PACKAGE_BUGREPORT "roma@ultranet.ru"
#define PACKAGE_URL ""
#define PACKAGE "db2dhcp"
#define VERSION "0.1.a.10"
#define STDC_HEADERS 1
#define HAVE_SYS_TYPES_H 1
#define HAVE_SYS_STAT_H 1
#define HAVE_STDLIB_H 1
#define HAVE_STRING_H 1
#define HAVE_MEMORY_H 1
#define HAVE_STRINGS_H 1
#define HAVE_INTTYPES_H 1
#define HAVE_STDINT_H 1
#define HAVE_UNISTD_H 1
#define HAVE_DLFCN_H 1
#define LT_OBJDIR ".libs/"
#define HAVE_LIBPCAP 1
#define STDC_HEADERS 1
#define HAVE_SYS_WAIT_H 1
#define HAVE_STDINT_H 1
#define HAVE_STDIO_H 1
#define HAVE_STDLIB_H 1
#define HAVE_UNISTD_H 1
#define HAVE_ERRNO_H 1
#define HAVE_STRING_H 1
#define HAVE_SIGNAL_H 1
#define HAVE_TIME_H 1
#define HAVE_ARPA_INET_H 1
#define HAVE_SYS_WAIT_H 1
#define HAVE_SYS_SOCKET_H 1
#define HAVE_NETINET_IN_H 1
#define HAVE_PCAP_H 1
#define HAVE_FORK 1
#define HAVE_VFORK 1
#define HAVE_WORKING_VFORK 1
#define HAVE_WORKING_FORK 1
#define HAVE_STDLIB_H 1
#define HAVE_MALLOC 1
#define RETSIGTYPE void
#define HAVE_BZERO 1
#define HAVE_INET_NTOA 1
#define HAVE_MEMSET 1
#define HAVE_PCAP_OPEN_LIVE 1
#define HAVE_PCAP_INJECT 1
#define HAVE_PCAP_DATALINK 1
#define HAVE_PCAP_SETNONBLOCK 1
#define HAVE_PCAP_CLOSE 1
#define HAVE_PCAP_COMPILE 1
#define HAVE_PCAP_SETFILTER 1
#define HAVE_PCAP_FREECODE 1
#define HAVE_PCAP_FINDALLDEVS 1
#define HAVE_PCAP_FREEALLDEVS 1
#define HAVE_PCAP_PERROR 1
#define HAVE_PCAP_DISPATCH 1

configure: exit 0
